TN:
SF:/Users/mansurali/Desktop/UIexercise/skillset/node_modules/angular2-template-loader/index.js!/Users/mansurali/Desktop/UIexercise/skillset/node_modules/tslint-loader/index.js!/Users/mansurali/Desktop/UIexercise/skillset/src/test.ts
FN:15,(anonymous_1)
FN:23,(anonymous_2)
FN:30,(anonymous_3)
FN:32,(anonymous_4)
FNF:4
FNH:4
FNDA:1,(anonymous_1)
FNDA:1,(anonymous_2)
FNDA:1,(anonymous_3)
FNDA:1,(anonymous_4)
DA:1,1
DA:3,1
DA:4,1
DA:5,1
DA:6,1
DA:7,1
DA:8,1
DA:15,1
DA:18,1
DA:24,1
DA:30,1
DA:32,1
LF:12
LH:12
BRF:0
BRH:0
end_of_record
TN:
SF:/Users/mansurali/Desktop/UIexercise/skillset/node_modules/angular2-template-loader/index.js!/Users/mansurali/Desktop/UIexercise/skillset/node_modules/tslint-loader/index.js!/Users/mansurali/Desktop/UIexercise/skillset/src/polyfills.ts
FNF:0
FNH:0
DA:3,1
DA:4,1
DA:5,1
DA:6,1
DA:7,1
DA:8,1
DA:9,1
DA:10,1
DA:11,1
DA:12,1
DA:13,1
DA:14,1
DA:15,1
DA:16,1
DA:18,1
DA:19,1
LF:16
LH:16
BRF:0
BRH:0
end_of_record
TN:
SF:/Users/mansurali/Desktop/UIexercise/skillset/node_modules/angular2-template-loader/index.js!/Users/mansurali/Desktop/UIexercise/skillset/node_modules/tslint-loader/index.js!/Users/mansurali/Desktop/UIexercise/skillset/src/app/app.component.ts
FN:8,(anonymous_3)
FNF:1
FNH:1
FNDA:1,(anonymous_3)
DA:1,1
DA:3,1
DA:8,2
DA:9,0
DA:11,1
LF:5
LH:4
BRF:0
BRH:0
end_of_record
TN:
SF:/Users/mansurali/Desktop/UIexercise/skillset/node_modules/angular2-template-loader/index.js!/Users/mansurali/Desktop/UIexercise/skillset/node_modules/tslint-loader/index.js!/Users/mansurali/Desktop/UIexercise/skillset/src/app/my-new-service.service.ts
FN:4,(anonymous_3)
FN:6,MyNewServiceService
FNF:2
FNH:2
FNDA:1,(anonymous_3)
FNDA:1,MyNewServiceService
DA:1,1
DA:3,1
DA:4,1
DA:6,1
DA:8,1
LF:5
LH:5
BRF:0
BRH:0
end_of_record
TN:
SF:/Users/mansurali/Desktop/UIexercise/skillset/node_modules/angular2-template-loader/index.js!/Users/mansurali/Desktop/UIexercise/skillset/node_modules/tslint-loader/index.js!/Users/mansurali/Desktop/UIexercise/skillset/src/app/other/other.component.ts
FN:8,(anonymous_3)
FN:9,(anonymous_5)
FNF:2
FNH:1
FNDA:2,(anonymous_3)
FNDA:0,(anonymous_5)
DA:1,1
DA:3,1
DA:8,2
DA:9,1
DA:10,0
DA:12,1
LF:6
LH:5
BRF:0
BRH:0
end_of_record
TN:
SF:/Users/mansurali/Desktop/UIexercise/skillset/node_modules/angular2-template-loader/index.js!/Users/mansurali/Desktop/UIexercise/skillset/node_modules/tslint-loader/index.js!/Users/mansurali/Desktop/UIexercise/skillset/src/app/profile/profile.component.ts
FN:8,(anonymous_3)
FNF:1
FNH:1
FNDA:2,(anonymous_3)
DA:1,1
DA:3,1
DA:8,2
DA:10,1
DA:16,1
LF:5
LH:5
BRF:0
BRH:0
end_of_record
TN:
SF:/Users/mansurali/Desktop/UIexercise/skillset/node_modules/angular2-template-loader/index.js!/Users/mansurali/Desktop/UIexercise/skillset/node_modules/tslint-loader/index.js!/Users/mansurali/Desktop/UIexercise/skillset/src/app/skills/skills.component.ts
FN:12,(anonymous_3)
FN:18,SkillsComponent
FN:22,(anonymous_5)
FN:28,(anonymous_6)
FN:40,(anonymous_7)
FN:67,(anonymous_8)
FNF:6
FNH:2
FNDA:1,(anonymous_3)
FNDA:1,SkillsComponent
FNDA:0,(anonymous_5)
FNDA:0,(anonymous_6)
FNDA:0,(anonymous_7)
FNDA:0,(anonymous_8)
DA:1,1
DA:4,1
DA:6,1
DA:12,1
DA:14,1
DA:15,1
DA:18,1
DA:22,1
DA:23,0
DA:24,0
DA:28,1
DA:29,0
DA:30,0
DA:32,0
DA:34,0
DA:36,0
DA:39,1
DA:40,1
DA:41,0
DA:42,0
DA:43,0
DA:44,0
DA:45,0
DA:49,0
DA:50,0
DA:51,0
DA:52,0
DA:53,0
DA:54,0
DA:64,0
DA:67,1
DA:68,0
DA:69,0
DA:70,0
DA:71,0
DA:74,0
DA:77,1
LF:37
LH:13
BRDA:43,1,0,0
BRDA:43,1,1,0
BRDA:49,2,0,0
BRDA:49,2,1,0
BRDA:52,3,0,0
BRDA:52,3,1,0
BRDA:69,4,0,0
BRDA:69,4,1,0
BRF:8
BRH:0
end_of_record
TN:
SF:/Users/mansurali/Desktop/UIexercise/skillset/node_modules/angular2-template-loader/index.js!/Users/mansurali/Desktop/UIexercise/skillset/node_modules/tslint-loader/index.js!/Users/mansurali/Desktop/UIexercise/skillset/src/app/skills/skills.service.ts
FN:6,(anonymous_3)
FN:9,SkillService
FN:10,(anonymous_5)
FN:11,(anonymous_6)
FN:45,(anonymous_7)
FNF:5
FNH:1
FNDA:1,(anonymous_3)
FNDA:0,SkillService
FNDA:0,(anonymous_5)
FNDA:0,(anonymous_6)
FNDA:0,(anonymous_7)
DA:1,1
DA:2,1
DA:3,1
DA:5,1
DA:6,1
DA:7,0
DA:8,0
DA:9,1
DA:10,1
DA:11,0
DA:45,1
DA:46,0
DA:47,0
DA:49,1
LF:14
LH:9
BRDA:47,1,0,0
BRDA:47,1,1,0
BRF:2
BRH:0
end_of_record
TN:
SF:/Users/mansurali/Desktop/UIexercise/skillset/node_modules/angular2-template-loader/index.js!/Users/mansurali/Desktop/UIexercise/skillset/node_modules/tslint-loader/index.js!/Users/mansurali/Desktop/UIexercise/skillset/src/app/skillsscore/skillsscore.component.ts
FN:8,(anonymous_3)
FN:10,SkillsscoreComponent
FN:12,(anonymous_5)
FNF:3
FNH:2
FNDA:1,(anonymous_3)
FNDA:1,SkillsscoreComponent
FNDA:0,(anonymous_5)
DA:1,1
DA:3,1
DA:8,1
DA:10,1
DA:12,1
DA:15,1
LF:6
LH:6
BRF:0
BRH:0
end_of_record
TN:
SF:/Users/mansurali/Desktop/UIexercise/skillset/node_modules/angular2-template-loader/index.js!/Users/mansurali/Desktop/UIexercise/skillset/node_modules/tslint-loader/index.js!/Users/mansurali/Desktop/UIexercise/skillset/src/myapp/app.component.ts
FN:8,(anonymous_3)
FNF:1
FNH:1
FNDA:1,(anonymous_3)
DA:1,1
DA:3,1
DA:8,2
DA:9,0
DA:11,1
LF:5
LH:4
BRF:0
BRH:0
end_of_record
TN:
SF:/Users/mansurali/Desktop/UIexercise/skillset/node_modules/angular2-template-loader/index.js!/Users/mansurali/Desktop/UIexercise/skillset/node_modules/tslint-loader/index.js!/Users/mansurali/Desktop/UIexercise/skillset/src/myapp/other/other.component.ts
FN:8,(anonymous_3)
FN:9,(anonymous_5)
FNF:2
FNH:1
FNDA:2,(anonymous_3)
FNDA:0,(anonymous_5)
DA:1,1
DA:3,1
DA:8,2
DA:9,1
DA:10,0
DA:12,1
LF:6
LH:5
BRF:0
BRH:0
end_of_record
TN:
SF:/Users/mansurali/Desktop/UIexercise/skillset/node_modules/angular2-template-loader/index.js!/Users/mansurali/Desktop/UIexercise/skillset/node_modules/tslint-loader/index.js!/Users/mansurali/Desktop/UIexercise/skillset/src/myapp/profile/profile.component.ts
FN:8,(anonymous_3)
FNF:1
FNH:1
FNDA:2,(anonymous_3)
DA:1,1
DA:3,1
DA:8,2
DA:10,1
DA:16,1
LF:5
LH:5
BRF:0
BRH:0
end_of_record
TN:
SF:/Users/mansurali/Desktop/UIexercise/skillset/node_modules/angular2-template-loader/index.js!/Users/mansurali/Desktop/UIexercise/skillset/node_modules/tslint-loader/index.js!/Users/mansurali/Desktop/UIexercise/skillset/src/myapp/skills/skills.component.ts
FN:8,(anonymous_3)
FN:10,SkillsComponent
FN:12,(anonymous_5)
FNF:3
FNH:2
FNDA:1,(anonymous_3)
FNDA:1,SkillsComponent
FNDA:0,(anonymous_5)
DA:1,1
DA:3,1
DA:8,1
DA:10,1
DA:12,1
DA:15,1
LF:6
LH:6
BRF:0
BRH:0
end_of_record
TN:
SF:/Users/mansurali/Desktop/UIexercise/skillset/node_modules/angular2-template-loader/index.js!/Users/mansurali/Desktop/UIexercise/skillset/node_modules/tslint-loader/index.js!/Users/mansurali/Desktop/UIexercise/skillset/src/myapp/skillsscore/skillsscore.component.ts
FN:8,(anonymous_3)
FN:10,SkillsscoreComponent
FN:12,(anonymous_5)
FNF:3
FNH:2
FNDA:1,(anonymous_3)
FNDA:1,SkillsscoreComponent
FNDA:0,(anonymous_5)
DA:1,1
DA:3,1
DA:8,1
DA:10,1
DA:12,1
DA:15,1
LF:6
LH:6
BRF:0
BRH:0
end_of_record
